0 info it worked if it ends with ok
1 verbose cli [ 'node', '/bin/npm', 'install', 'bowerInst' ]
2 info using npm@1.3.6
3 info using node@v0.10.30
4 verbose node symlink /bin/node
5 warn package.json kiriweb@0.1.0 No repository field.
6 verbose readDependencies using package.json deps
7 verbose cache add [ 'bowerInst', null ]
8 verbose cache add name=undefined spec="bowerInst" args=["bowerInst",null]
9 verbose parsed url { protocol: null,
9 verbose parsed url   slashes: null,
9 verbose parsed url   auth: null,
9 verbose parsed url   host: null,
9 verbose parsed url   port: null,
9 verbose parsed url   hostname: null,
9 verbose parsed url   hash: null,
9 verbose parsed url   search: null,
9 verbose parsed url   query: null,
9 verbose parsed url   pathname: 'bowerInst',
9 verbose parsed url   path: 'bowerInst',
9 verbose parsed url   href: 'bowerInst' }
10 silly lockFile 62de1795-bowerInst bowerInst
11 verbose lock bowerInst /root/.npm/62de1795-bowerInst.lock
12 silly lockFile 62de1795-bowerInst bowerInst
13 silly lockFile 62de1795-bowerInst bowerInst
14 verbose addNamed [ 'bowerInst', '' ]
15 verbose addNamed [ null, '*' ]
16 silly lockFile ca84d203-bowerInst bowerInst@
17 verbose lock bowerInst@ /root/.npm/ca84d203-bowerInst.lock
18 silly addNameRange { name: 'bowerInst', range: '*', hasData: false }
19 verbose url raw bowerInst
20 verbose url resolving [ 'https://registry.npmjs.org/', './bowerInst' ]
21 verbose url resolved https://registry.npmjs.org/bowerInst
22 info trying registry request attempt 1 at 15:19:21
23 http GET https://registry.npmjs.org/bowerInst
24 http 404 https://registry.npmjs.org/bowerInst
25 silly registry.get cb [ 404,
25 silly registry.get   { date: 'Tue, 19 Aug 2014 18:19:23 GMT',
25 silly registry.get     server: 'CouchDB/1.5.0 (Erlang OTP/R16B03)',
25 silly registry.get     'content-type': 'application/json',
25 silly registry.get     'cache-control': 'max-age=0',
25 silly registry.get     'content-length': '52',
25 silly registry.get     'accept-ranges': 'bytes',
25 silly registry.get     via: '1.1 varnish',
25 silly registry.get     age: '0',
25 silly registry.get     'x-served-by': 'cache-jfk1022-JFK',
25 silly registry.get     'x-cache': 'MISS',
25 silly registry.get     'x-cache-hits': '0',
25 silly registry.get     'x-timer': 'S1408472363.396759,VS0,VE18',
25 silly registry.get     'keep-alive': 'timeout=10, max=50',
25 silly registry.get     connection: 'Keep-Alive' } ]
26 silly lockFile ca84d203-bowerInst bowerInst@
27 silly lockFile ca84d203-bowerInst bowerInst@
28 error 404 'bowerInst' is not in the npm registry.
28 error 404 You should bug the author to publish it
28 error 404
28 error 404 Note that you can also install from a
28 error 404 tarball, folder, or http url, or git url.
29 error System Linux 3.15.8-200.fc20.x86_64
30 error command "node" "/bin/npm" "install" "bowerInst"
31 error cwd /home/pablo/sources/kiriWeb
32 error node -v v0.10.30
33 error npm -v 1.3.6
34 error code E404
35 verbose exit [ 1, true ]
